*** Starting delayed job worker at Wed Jun 03 16:08:47 -0700 2009 for development
"Executing queued sync job"
SugarCRM initialize with #<Source id: 1, name: "SugarAccounts", url: "http://rhomobile.sugarondemand.com/soap.php?wsdl", login: "Pierre", password: "Rhomobile", created_at: "2009-04-11 00:59:00", updated_at: "2009-06-03 22:45:59", refreshtime: "2009-06-03 22:45:59", adapter: "SugarAccounts", app_id: 1, pollinterval: 300, priority: 3, incremental: nil, queuesync: true, limit: "100">
"Creating adapter for http://rhomobile.sugarondemand.com/soap.php?wsdl"
SugarCRM Accounts login
"Login Pierre"
SugarCRM Accounts query
@count =313
SugarCRM Accounts sync with 313
"Converting SugarCRM results to generic results"
"MySQL optimized sync"
exception in delayed_jobs_demon: #<TypeError: can't convert nil into String>
/Users/adam/rhosync/app/models/blackberry.rb:24:in `+'
/Users/adam/rhosync/app/models/blackberry.rb:24:in `url'
/Users/adam/rhosync/app/models/blackberry.rb:15:in `ping'
/Users/adam/rhosync/app/models/source.rb:79:in `ping_devices'
/Users/adam/rhosync/vendor/rails/activerecord/lib/active_record/associations/association_collection.rb:359:in `method_missing'
/Users/adam/rhosync/vendor/rails/activerecord/lib/active_record/associations/association_proxy.rb:212:in `method_missing'
/Users/adam/rhosync/vendor/rails/activerecord/lib/active_record/associations/association_proxy.rb:212:in `each'
/Users/adam/rhosync/vendor/rails/activerecord/lib/active_record/associations/association_proxy.rb:212:in `send'
/Users/adam/rhosync/vendor/rails/activerecord/lib/active_record/associations/association_proxy.rb:212:in `method_missing'
/Users/adam/rhosync/vendor/rails/activerecord/lib/active_record/associations/association_collection.rb:359:in `method_missing'
/Users/adam/rhosync/app/models/source.rb:78:in `ping_devices'
/Users/adam/rhosync/app/models/source.rb:73:in `doqueuedsync'
script/job_runner:32
script/job_runner:24:in `loop'
script/job_runner:24
/Library/Ruby/Gems/1.8/gems/daemons-1.0.10/lib/daemons/application.rb:215:in `call'
/Library/Ruby/Gems/1.8/gems/daemons-1.0.10/lib/daemons/application.rb:215:in `start_proc'
/Library/Ruby/Gems/1.8/gems/daemons-1.0.10/lib/daemons/daemonize.rb:192:in `call'
/Library/Ruby/Gems/1.8/gems/daemons-1.0.10/lib/daemons/daemonize.rb:192:in `call_as_daemon'
/Library/Ruby/Gems/1.8/gems/daemons-1.0.10/lib/daemons/application.rb:219:in `start_proc'
/Library/Ruby/Gems/1.8/gems/daemons-1.0.10/lib/daemons/application.rb:255:in `start'
/Library/Ruby/Gems/1.8/gems/daemons-1.0.10/lib/daemons/controller.rb:69:in `run'
/Library/Ruby/Gems/1.8/gems/daemons-1.0.10/lib/daemons.rb:188:in `run_proc'
/Library/Ruby/Gems/1.8/gems/daemons-1.0.10/lib/daemons/cmdline.rb:105:in `call'
/Library/Ruby/Gems/1.8/gems/daemons-1.0.10/lib/daemons/cmdline.rb:105:in `catch_exceptions'
/Library/Ruby/Gems/1.8/gems/daemons-1.0.10/lib/daemons.rb:187:in `run_proc'
script/job_runner:11
ending delayed_jobs_demon at Wed Jun 03 16:09:32 -0700 2009
*** Starting delayed job worker at Wed Jun 03 16:21:22 -0700 2009 for development
"Executing queued sync job"
SugarCRM initialize with #<Source id: 1, name: "SugarAccounts", url: "http://rhomobile.sugarondemand.com/soap.php?wsdl", login: "Pierre", password: "Rhomobile", created_at: "2009-04-11 00:59:00", updated_at: "2009-06-03 23:09:32", refreshtime: "2009-06-03 23:09:32", adapter: "SugarAccounts", app_id: 1, pollinterval: 300, priority: 3, incremental: nil, queuesync: true, limit: "100">
"Creating adapter for http://rhomobile.sugarondemand.com/soap.php?wsdl"
SugarCRM Accounts login
"Login Pierre"
SugarCRM Accounts query
@count =313
SugarCRM Accounts sync with 313
"Converting SugarCRM results to generic results"
"MySQL optimized sync"
exception in delayed_jobs_demon: #<SocketError: getaddrinfo: nodename nor servname provided, or not known>
/System/Library/Frameworks/Ruby.framework/Versions/1.8/usr/lib/ruby/1.8/net/http.rb:564:in `initialize'
/System/Library/Frameworks/Ruby.framework/Versions/1.8/usr/lib/ruby/1.8/net/http.rb:564:in `open'
/System/Library/Frameworks/Ruby.framework/Versions/1.8/usr/lib/ruby/1.8/net/http.rb:564:in `connect'
/System/Library/Frameworks/Ruby.framework/Versions/1.8/usr/lib/ruby/1.8/timeout.rb:48:in `timeout'
/System/Library/Frameworks/Ruby.framework/Versions/1.8/usr/lib/ruby/1.8/timeout.rb:76:in `timeout'
/System/Library/Frameworks/Ruby.framework/Versions/1.8/usr/lib/ruby/1.8/net/http.rb:564:in `connect'
/System/Library/Frameworks/Ruby.framework/Versions/1.8/usr/lib/ruby/1.8/net/http.rb:557:in `do_start'
/System/Library/Frameworks/Ruby.framework/Versions/1.8/usr/lib/ruby/1.8/net/http.rb:546:in `start'
/System/Library/Frameworks/Ruby.framework/Versions/1.8/usr/lib/ruby/1.8/open-uri.rb:243:in `open_http'
/System/Library/Frameworks/Ruby.framework/Versions/1.8/usr/lib/ruby/1.8/open-uri.rb:617:in `buffer_open'
/System/Library/Frameworks/Ruby.framework/Versions/1.8/usr/lib/ruby/1.8/open-uri.rb:164:in `open_loop'
/System/Library/Frameworks/Ruby.framework/Versions/1.8/usr/lib/ruby/1.8/open-uri.rb:162:in `catch'
/System/Library/Frameworks/Ruby.framework/Versions/1.8/usr/lib/ruby/1.8/open-uri.rb:162:in `open_loop'
/System/Library/Frameworks/Ruby.framework/Versions/1.8/usr/lib/ruby/1.8/open-uri.rb:132:in `open_uri'
/System/Library/Frameworks/Ruby.framework/Versions/1.8/usr/lib/ruby/1.8/open-uri.rb:519:in `open'
/System/Library/Frameworks/Ruby.framework/Versions/1.8/usr/lib/ruby/1.8/open-uri.rb:30:in `open'
/Users/adam/rhosync/app/models/blackberry.rb:16:in `ping'
/Users/adam/rhosync/app/models/source.rb:79:in `ping_devices'
/Users/adam/rhosync/vendor/rails/activerecord/lib/active_record/associations/association_collection.rb:359:in `method_missing'
/Users/adam/rhosync/vendor/rails/activerecord/lib/active_record/associations/association_proxy.rb:212:in `method_missing'
/Users/adam/rhosync/vendor/rails/activerecord/lib/active_record/associations/association_proxy.rb:212:in `each'
/Users/adam/rhosync/vendor/rails/activerecord/lib/active_record/associations/association_proxy.rb:212:in `send'
/Users/adam/rhosync/vendor/rails/activerecord/lib/active_record/associations/association_proxy.rb:212:in `method_missing'
/Users/adam/rhosync/vendor/rails/activerecord/lib/active_record/associations/association_collection.rb:359:in `method_missing'
/Users/adam/rhosync/app/models/source.rb:78:in `ping_devices'
/Users/adam/rhosync/app/models/source.rb:73:in `doqueuedsync'
script/job_runner:32
script/job_runner:24:in `loop'
script/job_runner:24
/Library/Ruby/Gems/1.8/gems/daemons-1.0.10/lib/daemons/application.rb:215:in `call'
/Library/Ruby/Gems/1.8/gems/daemons-1.0.10/lib/daemons/application.rb:215:in `start_proc'
/Library/Ruby/Gems/1.8/gems/daemons-1.0.10/lib/daemons/daemonize.rb:192:in `call'
/Library/Ruby/Gems/1.8/gems/daemons-1.0.10/lib/daemons/daemonize.rb:192:in `call_as_daemon'
/Library/Ruby/Gems/1.8/gems/daemons-1.0.10/lib/daemons/application.rb:219:in `start_proc'
/Library/Ruby/Gems/1.8/gems/daemons-1.0.10/lib/daemons/application.rb:255:in `start'
/Library/Ruby/Gems/1.8/gems/daemons-1.0.10/lib/daemons/controller.rb:69:in `run'
/Library/Ruby/Gems/1.8/gems/daemons-1.0.10/lib/daemons.rb:188:in `run_proc'
/Library/Ruby/Gems/1.8/gems/daemons-1.0.10/lib/daemons/cmdline.rb:105:in `call'
/Library/Ruby/Gems/1.8/gems/daemons-1.0.10/lib/daemons/cmdline.rb:105:in `catch_exceptions'
/Library/Ruby/Gems/1.8/gems/daemons-1.0.10/lib/daemons.rb:187:in `run_proc'
script/job_runner:11
ending delayed_jobs_demon at Wed Jun 03 16:22:05 -0700 2009
*** Starting delayed job worker at Wed Jun 03 17:02:08 -0700 2009 for development
"Executing queued sync job"
SugarCRM initialize with #<Source id: 1, name: "SugarAccounts", url: "http://rhomobile.sugarondemand.com/soap.php?wsdl", login: "Pierre", password: "Rhomobile", created_at: "2009-04-11 00:59:00", updated_at: "2009-06-03 23:22:05", refreshtime: "2009-06-03 23:22:05", adapter: "SugarAccounts", app_id: 1, pollinterval: 300, priority: 3, incremental: nil, queuesync: true, limit: "100">
"Creating adapter for http://rhomobile.sugarondemand.com/soap.php?wsdl"
SugarCRM Accounts login
"Login Pierre"
SugarCRM Accounts query
@count =313
SugarCRM Accounts sync with 313
"Converting SugarCRM results to generic results"
"MySQL optimized sync"
"Host: "
"Server port: "
"Pin: 123"
"Device port: "
"Do not have all values for URL"
"via URL: http://badurl"
"Host: "
"Server port: "
"Pin: 123"
"Device port: "
"Do not have all values for URL"
exception in delayed_jobs_demon: #<SocketError: getaddrinfo: nodename nor servname provided, or not known>
/System/Library/Frameworks/Ruby.framework/Versions/1.8/usr/lib/ruby/1.8/net/http.rb:564:in `initialize'
/System/Library/Frameworks/Ruby.framework/Versions/1.8/usr/lib/ruby/1.8/net/http.rb:564:in `open'
/System/Library/Frameworks/Ruby.framework/Versions/1.8/usr/lib/ruby/1.8/net/http.rb:564:in `connect'
/System/Library/Frameworks/Ruby.framework/Versions/1.8/usr/lib/ruby/1.8/timeout.rb:48:in `timeout'
/System/Library/Frameworks/Ruby.framework/Versions/1.8/usr/lib/ruby/1.8/timeout.rb:76:in `timeout'
/System/Library/Frameworks/Ruby.framework/Versions/1.8/usr/lib/ruby/1.8/net/http.rb:564:in `connect'
/System/Library/Frameworks/Ruby.framework/Versions/1.8/usr/lib/ruby/1.8/net/http.rb:557:in `do_start'
/System/Library/Frameworks/Ruby.framework/Versions/1.8/usr/lib/ruby/1.8/net/http.rb:546:in `start'
/System/Library/Frameworks/Ruby.framework/Versions/1.8/usr/lib/ruby/1.8/open-uri.rb:243:in `open_http'
/System/Library/Frameworks/Ruby.framework/Versions/1.8/usr/lib/ruby/1.8/open-uri.rb:617:in `buffer_open'
/System/Library/Frameworks/Ruby.framework/Versions/1.8/usr/lib/ruby/1.8/open-uri.rb:164:in `open_loop'
/System/Library/Frameworks/Ruby.framework/Versions/1.8/usr/lib/ruby/1.8/open-uri.rb:162:in `catch'
/System/Library/Frameworks/Ruby.framework/Versions/1.8/usr/lib/ruby/1.8/open-uri.rb:162:in `open_loop'
/System/Library/Frameworks/Ruby.framework/Versions/1.8/usr/lib/ruby/1.8/open-uri.rb:132:in `open_uri'
/System/Library/Frameworks/Ruby.framework/Versions/1.8/usr/lib/ruby/1.8/open-uri.rb:519:in `open'
/System/Library/Frameworks/Ruby.framework/Versions/1.8/usr/lib/ruby/1.8/open-uri.rb:30:in `open'
/Users/adam/rhosync/app/models/blackberry.rb:16:in `ping'
/Users/adam/rhosync/app/models/source.rb:79:in `ping_devices'
/Users/adam/rhosync/vendor/rails/activerecord/lib/active_record/associations/association_collection.rb:359:in `method_missing'
/Users/adam/rhosync/vendor/rails/activerecord/lib/active_record/associations/association_proxy.rb:212:in `method_missing'
/Users/adam/rhosync/vendor/rails/activerecord/lib/active_record/associations/association_proxy.rb:212:in `each'
/Users/adam/rhosync/vendor/rails/activerecord/lib/active_record/associations/association_proxy.rb:212:in `send'
/Users/adam/rhosync/vendor/rails/activerecord/lib/active_record/associations/association_proxy.rb:212:in `method_missing'
/Users/adam/rhosync/vendor/rails/activerecord/lib/active_record/associations/association_collection.rb:359:in `method_missing'
/Users/adam/rhosync/app/models/source.rb:78:in `ping_devices'
/Users/adam/rhosync/app/models/source.rb:73:in `doqueuedsync'
script/job_runner:32
script/job_runner:24:in `loop'
script/job_runner:24
/Library/Ruby/Gems/1.8/gems/daemons-1.0.10/lib/daemons/application.rb:215:in `call'
/Library/Ruby/Gems/1.8/gems/daemons-1.0.10/lib/daemons/application.rb:215:in `start_proc'
/Library/Ruby/Gems/1.8/gems/daemons-1.0.10/lib/daemons/daemonize.rb:192:in `call'
/Library/Ruby/Gems/1.8/gems/daemons-1.0.10/lib/daemons/daemonize.rb:192:in `call_as_daemon'
/Library/Ruby/Gems/1.8/gems/daemons-1.0.10/lib/daemons/application.rb:219:in `start_proc'
/Library/Ruby/Gems/1.8/gems/daemons-1.0.10/lib/daemons/application.rb:255:in `start'
/Library/Ruby/Gems/1.8/gems/daemons-1.0.10/lib/daemons/controller.rb:69:in `run'
/Library/Ruby/Gems/1.8/gems/daemons-1.0.10/lib/daemons.rb:188:in `run_proc'
/Library/Ruby/Gems/1.8/gems/daemons-1.0.10/lib/daemons/cmdline.rb:105:in `call'
/Library/Ruby/Gems/1.8/gems/daemons-1.0.10/lib/daemons/cmdline.rb:105:in `catch_exceptions'
/Library/Ruby/Gems/1.8/gems/daemons-1.0.10/lib/daemons.rb:187:in `run_proc'
script/job_runner:11
ending delayed_jobs_demon at Wed Jun 03 17:02:52 -0700 2009
*** Starting delayed job worker at Wed Jun 03 17:04:41 -0700 2009 for development
"Executing queued sync job"
SugarCRM initialize with #<Source id: 1, name: "SugarAccounts", url: "http://rhomobile.sugarondemand.com/soap.php?wsdl", login: "Pierre", password: "Rhomobile", created_at: "2009-04-11 00:59:00", updated_at: "2009-06-04 00:02:52", refreshtime: "2009-06-04 00:02:52", adapter: "SugarAccounts", app_id: 1, pollinterval: 300, priority: 3, incremental: nil, queuesync: true, limit: "100">
"Creating adapter for http://rhomobile.sugarondemand.com/soap.php?wsdl"
SugarCRM Accounts login
"Login Pierre"
SugarCRM Accounts query
@count =313
SugarCRM Accounts sync with 313
"Converting SugarCRM results to generic results"
"MySQL optimized sync"
"Host: "
"Server port: "
"Pin: 123"
"Device port: "
"Do not have all values for URL"
"via URL: http://badurl"
"Host: "
"Server port: "
"Pin: 123"
"Device port: "
"Do not have all values for URL"
exception in delayed_jobs_demon: #<SocketError: getaddrinfo: nodename nor servname provided, or not known>
/System/Library/Frameworks/Ruby.framework/Versions/1.8/usr/lib/ruby/1.8/net/http.rb:564:in `initialize'
/System/Library/Frameworks/Ruby.framework/Versions/1.8/usr/lib/ruby/1.8/net/http.rb:564:in `open'
/System/Library/Frameworks/Ruby.framework/Versions/1.8/usr/lib/ruby/1.8/net/http.rb:564:in `connect'
/System/Library/Frameworks/Ruby.framework/Versions/1.8/usr/lib/ruby/1.8/timeout.rb:48:in `timeout'
/System/Library/Frameworks/Ruby.framework/Versions/1.8/usr/lib/ruby/1.8/timeout.rb:76:in `timeout'
/System/Library/Frameworks/Ruby.framework/Versions/1.8/usr/lib/ruby/1.8/net/http.rb:564:in `connect'
/System/Library/Frameworks/Ruby.framework/Versions/1.8/usr/lib/ruby/1.8/net/http.rb:557:in `do_start'
/System/Library/Frameworks/Ruby.framework/Versions/1.8/usr/lib/ruby/1.8/net/http.rb:546:in `start'
/System/Library/Frameworks/Ruby.framework/Versions/1.8/usr/lib/ruby/1.8/open-uri.rb:243:in `open_http'
/System/Library/Frameworks/Ruby.framework/Versions/1.8/usr/lib/ruby/1.8/open-uri.rb:617:in `buffer_open'
/System/Library/Frameworks/Ruby.framework/Versions/1.8/usr/lib/ruby/1.8/open-uri.rb:164:in `open_loop'
/System/Library/Frameworks/Ruby.framework/Versions/1.8/usr/lib/ruby/1.8/open-uri.rb:162:in `catch'
/System/Library/Frameworks/Ruby.framework/Versions/1.8/usr/lib/ruby/1.8/open-uri.rb:162:in `open_loop'
/System/Library/Frameworks/Ruby.framework/Versions/1.8/usr/lib/ruby/1.8/open-uri.rb:132:in `open_uri'
/System/Library/Frameworks/Ruby.framework/Versions/1.8/usr/lib/ruby/1.8/open-uri.rb:519:in `open'
/System/Library/Frameworks/Ruby.framework/Versions/1.8/usr/lib/ruby/1.8/open-uri.rb:30:in `open'
/Users/adam/rhosync/app/models/blackberry.rb:16:in `ping'
/Users/adam/rhosync/app/models/source.rb:79:in `ping_devices'
/Users/adam/rhosync/vendor/rails/activerecord/lib/active_record/associations/association_collection.rb:359:in `method_missing'
/Users/adam/rhosync/vendor/rails/activerecord/lib/active_record/associations/association_proxy.rb:212:in `method_missing'
/Users/adam/rhosync/vendor/rails/activerecord/lib/active_record/associations/association_proxy.rb:212:in `each'
/Users/adam/rhosync/vendor/rails/activerecord/lib/active_record/associations/association_proxy.rb:212:in `send'
/Users/adam/rhosync/vendor/rails/activerecord/lib/active_record/associations/association_proxy.rb:212:in `method_missing'
/Users/adam/rhosync/vendor/rails/activerecord/lib/active_record/associations/association_collection.rb:359:in `method_missing'
/Users/adam/rhosync/app/models/source.rb:78:in `ping_devices'
/Users/adam/rhosync/app/models/source.rb:73:in `doqueuedsync'
script/job_runner:32
script/job_runner:24:in `loop'
script/job_runner:24
/Library/Ruby/Gems/1.8/gems/daemons-1.0.10/lib/daemons/application.rb:215:in `call'
/Library/Ruby/Gems/1.8/gems/daemons-1.0.10/lib/daemons/application.rb:215:in `start_proc'
/Library/Ruby/Gems/1.8/gems/daemons-1.0.10/lib/daemons/daemonize.rb:192:in `call'
/Library/Ruby/Gems/1.8/gems/daemons-1.0.10/lib/daemons/daemonize.rb:192:in `call_as_daemon'
/Library/Ruby/Gems/1.8/gems/daemons-1.0.10/lib/daemons/application.rb:219:in `start_proc'
/Library/Ruby/Gems/1.8/gems/daemons-1.0.10/lib/daemons/application.rb:255:in `start'
/Library/Ruby/Gems/1.8/gems/daemons-1.0.10/lib/daemons/controller.rb:69:in `run'
/Library/Ruby/Gems/1.8/gems/daemons-1.0.10/lib/daemons.rb:188:in `run_proc'
/Library/Ruby/Gems/1.8/gems/daemons-1.0.10/lib/daemons/cmdline.rb:105:in `call'
/Library/Ruby/Gems/1.8/gems/daemons-1.0.10/lib/daemons/cmdline.rb:105:in `catch_exceptions'
/Library/Ruby/Gems/1.8/gems/daemons-1.0.10/lib/daemons.rb:187:in `run_proc'
script/job_runner:11
ending delayed_jobs_demon at Wed Jun 03 17:05:21 -0700 2009
*** Starting delayed job worker at Wed Jun 03 17:26:07 -0700 2009 for development
"Executing queued sync job"
SugarCRM initialize with #<Source id: 1, name: "SugarAccounts", url: "http://rhomobile.sugarondemand.com/soap.php?wsdl", login: "Pierre", password: "Rhomobile", created_at: "2009-04-11 00:59:00", updated_at: "2009-06-04 00:05:21", refreshtime: "2009-06-04 00:05:21", adapter: "SugarAccounts", app_id: 1, pollinterval: 300, priority: 3, incremental: nil, queuesync: true, limit: "100">
"Creating adapter for http://rhomobile.sugarondemand.com/soap.php?wsdl"
SugarCRM Accounts login
"Login Pierre"
SugarCRM Accounts query
@count =313
SugarCRM Accounts sync with 313
"Converting SugarCRM results to generic results"
"MySQL optimized sync"
"Host: "
"Server port: "
"Pin: 123"
"Device port: "
"Do not have all values for URL"
"via URL: http://badurl"
"Host: "
"Server port: "
"Pin: 123"
"Device port: "
"Do not have all values for URL"
exception in delayed_jobs_demon: #<SocketError: getaddrinfo: nodename nor servname provided, or not known>
/System/Library/Frameworks/Ruby.framework/Versions/1.8/usr/lib/ruby/1.8/net/http.rb:564:in `initialize'
/System/Library/Frameworks/Ruby.framework/Versions/1.8/usr/lib/ruby/1.8/net/http.rb:564:in `open'
/System/Library/Frameworks/Ruby.framework/Versions/1.8/usr/lib/ruby/1.8/net/http.rb:564:in `connect'
/System/Library/Frameworks/Ruby.framework/Versions/1.8/usr/lib/ruby/1.8/timeout.rb:48:in `timeout'
/System/Library/Frameworks/Ruby.framework/Versions/1.8/usr/lib/ruby/1.8/timeout.rb:76:in `timeout'
/System/Library/Frameworks/Ruby.framework/Versions/1.8/usr/lib/ruby/1.8/net/http.rb:564:in `connect'
/System/Library/Frameworks/Ruby.framework/Versions/1.8/usr/lib/ruby/1.8/net/http.rb:557:in `do_start'
/System/Library/Frameworks/Ruby.framework/Versions/1.8/usr/lib/ruby/1.8/net/http.rb:546:in `start'
/System/Library/Frameworks/Ruby.framework/Versions/1.8/usr/lib/ruby/1.8/open-uri.rb:243:in `open_http'
/System/Library/Frameworks/Ruby.framework/Versions/1.8/usr/lib/ruby/1.8/open-uri.rb:617:in `buffer_open'
/System/Library/Frameworks/Ruby.framework/Versions/1.8/usr/lib/ruby/1.8/open-uri.rb:164:in `open_loop'
/System/Library/Frameworks/Ruby.framework/Versions/1.8/usr/lib/ruby/1.8/open-uri.rb:162:in `catch'
/System/Library/Frameworks/Ruby.framework/Versions/1.8/usr/lib/ruby/1.8/open-uri.rb:162:in `open_loop'
/System/Library/Frameworks/Ruby.framework/Versions/1.8/usr/lib/ruby/1.8/open-uri.rb:132:in `open_uri'
/System/Library/Frameworks/Ruby.framework/Versions/1.8/usr/lib/ruby/1.8/open-uri.rb:519:in `open'
/System/Library/Frameworks/Ruby.framework/Versions/1.8/usr/lib/ruby/1.8/open-uri.rb:30:in `open'
/Users/adam/rhosync/app/models/blackberry.rb:18:in `ping'
/Users/adam/rhosync/app/models/source.rb:79:in `ping_devices'
/Users/adam/rhosync/vendor/rails/activerecord/lib/active_record/associations/association_collection.rb:359:in `method_missing'
/Users/adam/rhosync/vendor/rails/activerecord/lib/active_record/associations/association_proxy.rb:212:in `method_missing'
/Users/adam/rhosync/vendor/rails/activerecord/lib/active_record/associations/association_proxy.rb:212:in `each'
/Users/adam/rhosync/vendor/rails/activerecord/lib/active_record/associations/association_proxy.rb:212:in `send'
/Users/adam/rhosync/vendor/rails/activerecord/lib/active_record/associations/association_proxy.rb:212:in `method_missing'
/Users/adam/rhosync/vendor/rails/activerecord/lib/active_record/associations/association_collection.rb:359:in `method_missing'
/Users/adam/rhosync/app/models/source.rb:78:in `ping_devices'
/Users/adam/rhosync/app/models/source.rb:73:in `doqueuedsync'
script/job_runner:32
script/job_runner:24:in `loop'
script/job_runner:24
/Library/Ruby/Gems/1.8/gems/daemons-1.0.10/lib/daemons/application.rb:215:in `call'
/Library/Ruby/Gems/1.8/gems/daemons-1.0.10/lib/daemons/application.rb:215:in `start_proc'
/Library/Ruby/Gems/1.8/gems/daemons-1.0.10/lib/daemons/daemonize.rb:192:in `call'
/Library/Ruby/Gems/1.8/gems/daemons-1.0.10/lib/daemons/daemonize.rb:192:in `call_as_daemon'
/Library/Ruby/Gems/1.8/gems/daemons-1.0.10/lib/daemons/application.rb:219:in `start_proc'
/Library/Ruby/Gems/1.8/gems/daemons-1.0.10/lib/daemons/application.rb:255:in `start'
/Library/Ruby/Gems/1.8/gems/daemons-1.0.10/lib/daemons/controller.rb:69:in `run'
/Library/Ruby/Gems/1.8/gems/daemons-1.0.10/lib/daemons.rb:188:in `run_proc'
/Library/Ruby/Gems/1.8/gems/daemons-1.0.10/lib/daemons/cmdline.rb:105:in `call'
/Library/Ruby/Gems/1.8/gems/daemons-1.0.10/lib/daemons/cmdline.rb:105:in `catch_exceptions'
/Library/Ruby/Gems/1.8/gems/daemons-1.0.10/lib/daemons.rb:187:in `run_proc'
script/job_runner:11
ending delayed_jobs_demon at Wed Jun 03 17:26:48 -0700 2009
*** Starting delayed job worker at Wed Jun 03 17:32:36 -0700 2009 for development
"Executing queued sync job"
SugarCRM initialize with #<Source id: 1, name: "SugarAccounts", url: "http://rhomobile.sugarondemand.com/soap.php?wsdl", login: "Pierre", password: "Rhomobile", created_at: "2009-04-11 00:59:00", updated_at: "2009-06-04 00:26:47", refreshtime: "2009-06-04 00:26:47", adapter: "SugarAccounts", app_id: 1, pollinterval: 300, priority: 3, incremental: nil, queuesync: true, limit: "100">
"Creating adapter for http://rhomobile.sugarondemand.com/soap.php?wsdl"
SugarCRM Accounts login
"Login Pierre"
SugarCRM Accounts query
@count =313
SugarCRM Accounts sync with 313
"Converting SugarCRM results to generic results"
"MySQL optimized sync"
"Pinging Blackberry device: 123"
"Host: "
"Server port: "
"Pin: "
"Device port: "
"Do not have all values for URL"
"via URL: http://badurl"
"Host: "
"Server port: "
"Pin: "
"Device port: "
"Do not have all values for URL"
exception in delayed_jobs_demon: #<SocketError: getaddrinfo: nodename nor servname provided, or not known>
/System/Library/Frameworks/Ruby.framework/Versions/1.8/usr/lib/ruby/1.8/net/http.rb:564:in `initialize'
/System/Library/Frameworks/Ruby.framework/Versions/1.8/usr/lib/ruby/1.8/net/http.rb:564:in `open'
/System/Library/Frameworks/Ruby.framework/Versions/1.8/usr/lib/ruby/1.8/net/http.rb:564:in `connect'
/System/Library/Frameworks/Ruby.framework/Versions/1.8/usr/lib/ruby/1.8/timeout.rb:48:in `timeout'
/System/Library/Frameworks/Ruby.framework/Versions/1.8/usr/lib/ruby/1.8/timeout.rb:76:in `timeout'
/System/Library/Frameworks/Ruby.framework/Versions/1.8/usr/lib/ruby/1.8/net/http.rb:564:in `connect'
/System/Library/Frameworks/Ruby.framework/Versions/1.8/usr/lib/ruby/1.8/net/http.rb:557:in `do_start'
/System/Library/Frameworks/Ruby.framework/Versions/1.8/usr/lib/ruby/1.8/net/http.rb:546:in `start'
/System/Library/Frameworks/Ruby.framework/Versions/1.8/usr/lib/ruby/1.8/open-uri.rb:243:in `open_http'
/System/Library/Frameworks/Ruby.framework/Versions/1.8/usr/lib/ruby/1.8/open-uri.rb:617:in `buffer_open'
/System/Library/Frameworks/Ruby.framework/Versions/1.8/usr/lib/ruby/1.8/open-uri.rb:164:in `open_loop'
/System/Library/Frameworks/Ruby.framework/Versions/1.8/usr/lib/ruby/1.8/open-uri.rb:162:in `catch'
/System/Library/Frameworks/Ruby.framework/Versions/1.8/usr/lib/ruby/1.8/open-uri.rb:162:in `open_loop'
/System/Library/Frameworks/Ruby.framework/Versions/1.8/usr/lib/ruby/1.8/open-uri.rb:132:in `open_uri'
/System/Library/Frameworks/Ruby.framework/Versions/1.8/usr/lib/ruby/1.8/open-uri.rb:519:in `open'
/System/Library/Frameworks/Ruby.framework/Versions/1.8/usr/lib/ruby/1.8/open-uri.rb:30:in `open'
/Users/adam/rhosync/app/models/blackberry.rb:18:in `ping'
/Users/adam/rhosync/app/models/source.rb:79:in `ping_devices'
/Users/adam/rhosync/vendor/rails/activerecord/lib/active_record/associations/association_collection.rb:359:in `method_missing'
/Users/adam/rhosync/vendor/rails/activerecord/lib/active_record/associations/association_proxy.rb:212:in `method_missing'
/Users/adam/rhosync/vendor/rails/activerecord/lib/active_record/associations/association_proxy.rb:212:in `each'
/Users/adam/rhosync/vendor/rails/activerecord/lib/active_record/associations/association_proxy.rb:212:in `send'
/Users/adam/rhosync/vendor/rails/activerecord/lib/active_record/associations/association_proxy.rb:212:in `method_missing'
/Users/adam/rhosync/vendor/rails/activerecord/lib/active_record/associations/association_collection.rb:359:in `method_missing'
/Users/adam/rhosync/app/models/source.rb:78:in `ping_devices'
/Users/adam/rhosync/app/models/source.rb:73:in `doqueuedsync'
script/job_runner:32
script/job_runner:24:in `loop'
script/job_runner:24
/Library/Ruby/Gems/1.8/gems/daemons-1.0.10/lib/daemons/application.rb:215:in `call'
/Library/Ruby/Gems/1.8/gems/daemons-1.0.10/lib/daemons/application.rb:215:in `start_proc'
/Library/Ruby/Gems/1.8/gems/daemons-1.0.10/lib/daemons/daemonize.rb:192:in `call'
/Library/Ruby/Gems/1.8/gems/daemons-1.0.10/lib/daemons/daemonize.rb:192:in `call_as_daemon'
/Library/Ruby/Gems/1.8/gems/daemons-1.0.10/lib/daemons/application.rb:219:in `start_proc'
/Library/Ruby/Gems/1.8/gems/daemons-1.0.10/lib/daemons/application.rb:255:in `start'
/Library/Ruby/Gems/1.8/gems/daemons-1.0.10/lib/daemons/controller.rb:69:in `run'
/Library/Ruby/Gems/1.8/gems/daemons-1.0.10/lib/daemons.rb:188:in `run_proc'
/Library/Ruby/Gems/1.8/gems/daemons-1.0.10/lib/daemons/cmdline.rb:105:in `call'
/Library/Ruby/Gems/1.8/gems/daemons-1.0.10/lib/daemons/cmdline.rb:105:in `catch_exceptions'
/Library/Ruby/Gems/1.8/gems/daemons-1.0.10/lib/daemons.rb:187:in `run_proc'
script/job_runner:11
ending delayed_jobs_demon at Wed Jun 03 17:33:16 -0700 2009
*** Starting delayed job worker at Wed Jun 03 17:40:05 -0700 2009 for development
"Executing queued sync job"
SugarCRM initialize with #<Source id: 1, name: "SugarAccounts", url: "http://rhomobile.sugarondemand.com/soap.php?wsdl", login: "Pierre", password: "Rhomobile", created_at: "2009-04-11 00:59:00", updated_at: "2009-06-04 00:33:16", refreshtime: "2009-06-04 00:33:16", adapter: "SugarAccounts", app_id: 1, pollinterval: 300, priority: 3, incremental: nil, queuesync: true, limit: "100">
"Creating adapter for http://rhomobile.sugarondemand.com/soap.php?wsdl"
SugarCRM Accounts login
"Login Pierre"
SugarCRM Accounts query
@count =313
SugarCRM Accounts sync with 313
"Converting SugarCRM results to generic results"
"MySQL optimized sync"
"Pinging Blackberry device: 123"
"Host: "
"Server port: "
"Pin: 123"
"Device port: "
"Do not have all values for URL"
"via URL: http://badurl"
"Host: "
"Server port: "
"Pin: 123"
"Device port: "
"Do not have all values for URL"
exception in delayed_jobs_demon: #<SocketError: getaddrinfo: nodename nor servname provided, or not known>
/System/Library/Frameworks/Ruby.framework/Versions/1.8/usr/lib/ruby/1.8/net/http.rb:564:in `initialize'
/System/Library/Frameworks/Ruby.framework/Versions/1.8/usr/lib/ruby/1.8/net/http.rb:564:in `open'
/System/Library/Frameworks/Ruby.framework/Versions/1.8/usr/lib/ruby/1.8/net/http.rb:564:in `connect'
/System/Library/Frameworks/Ruby.framework/Versions/1.8/usr/lib/ruby/1.8/timeout.rb:48:in `timeout'
/System/Library/Frameworks/Ruby.framework/Versions/1.8/usr/lib/ruby/1.8/timeout.rb:76:in `timeout'
/System/Library/Frameworks/Ruby.framework/Versions/1.8/usr/lib/ruby/1.8/net/http.rb:564:in `connect'
/System/Library/Frameworks/Ruby.framework/Versions/1.8/usr/lib/ruby/1.8/net/http.rb:557:in `do_start'
/System/Library/Frameworks/Ruby.framework/Versions/1.8/usr/lib/ruby/1.8/net/http.rb:546:in `start'
/System/Library/Frameworks/Ruby.framework/Versions/1.8/usr/lib/ruby/1.8/open-uri.rb:243:in `open_http'
/System/Library/Frameworks/Ruby.framework/Versions/1.8/usr/lib/ruby/1.8/open-uri.rb:617:in `buffer_open'
/System/Library/Frameworks/Ruby.framework/Versions/1.8/usr/lib/ruby/1.8/open-uri.rb:164:in `open_loop'
/System/Library/Frameworks/Ruby.framework/Versions/1.8/usr/lib/ruby/1.8/open-uri.rb:162:in `catch'
/System/Library/Frameworks/Ruby.framework/Versions/1.8/usr/lib/ruby/1.8/open-uri.rb:162:in `open_loop'
/System/Library/Frameworks/Ruby.framework/Versions/1.8/usr/lib/ruby/1.8/open-uri.rb:132:in `open_uri'
/System/Library/Frameworks/Ruby.framework/Versions/1.8/usr/lib/ruby/1.8/open-uri.rb:519:in `open'
/System/Library/Frameworks/Ruby.framework/Versions/1.8/usr/lib/ruby/1.8/open-uri.rb:30:in `open'
/Users/adam/rhosync/app/models/blackberry.rb:19:in `ping'
/Users/adam/rhosync/app/models/source.rb:79:in `ping_devices'
/Users/adam/rhosync/vendor/rails/activerecord/lib/active_record/associations/association_collection.rb:359:in `method_missing'
/Users/adam/rhosync/vendor/rails/activerecord/lib/active_record/associations/association_proxy.rb:212:in `method_missing'
/Users/adam/rhosync/vendor/rails/activerecord/lib/active_record/associations/association_proxy.rb:212:in `each'
/Users/adam/rhosync/vendor/rails/activerecord/lib/active_record/associations/association_proxy.rb:212:in `send'
/Users/adam/rhosync/vendor/rails/activerecord/lib/active_record/associations/association_proxy.rb:212:in `method_missing'
/Users/adam/rhosync/vendor/rails/activerecord/lib/active_record/associations/association_collection.rb:359:in `method_missing'
/Users/adam/rhosync/app/models/source.rb:78:in `ping_devices'
/Users/adam/rhosync/app/models/source.rb:73:in `doqueuedsync'
script/job_runner:32
script/job_runner:24:in `loop'
script/job_runner:24
/Library/Ruby/Gems/1.8/gems/daemons-1.0.10/lib/daemons/application.rb:215:in `call'
/Library/Ruby/Gems/1.8/gems/daemons-1.0.10/lib/daemons/application.rb:215:in `start_proc'
/Library/Ruby/Gems/1.8/gems/daemons-1.0.10/lib/daemons/daemonize.rb:192:in `call'
/Library/Ruby/Gems/1.8/gems/daemons-1.0.10/lib/daemons/daemonize.rb:192:in `call_as_daemon'
/Library/Ruby/Gems/1.8/gems/daemons-1.0.10/lib/daemons/application.rb:219:in `start_proc'
/Library/Ruby/Gems/1.8/gems/daemons-1.0.10/lib/daemons/application.rb:255:in `start'
/Library/Ruby/Gems/1.8/gems/daemons-1.0.10/lib/daemons/controller.rb:69:in `run'
/Library/Ruby/Gems/1.8/gems/daemons-1.0.10/lib/daemons.rb:188:in `run_proc'
/Library/Ruby/Gems/1.8/gems/daemons-1.0.10/lib/daemons/cmdline.rb:105:in `call'
/Library/Ruby/Gems/1.8/gems/daemons-1.0.10/lib/daemons/cmdline.rb:105:in `catch_exceptions'
/Library/Ruby/Gems/1.8/gems/daemons-1.0.10/lib/daemons.rb:187:in `run_proc'
script/job_runner:11
ending delayed_jobs_demon at Wed Jun 03 17:40:51 -0700 2009
*** Starting delayed job worker at Wed Jun 03 17:47:03 -0700 2009 for development
"Executing queued sync job"
SugarCRM initialize with #<Source id: 1, name: "SugarAccounts", url: "http://rhomobile.sugarondemand.com/soap.php?wsdl", login: "Pierre", password: "Rhomobile", created_at: "2009-04-11 00:59:00", updated_at: "2009-06-04 00:40:51", refreshtime: "2009-06-04 00:40:50", adapter: "SugarAccounts", app_id: 1, pollinterval: 300, priority: 3, incremental: nil, queuesync: true, limit: "100">
"Creating adapter for http://rhomobile.sugarondemand.com/soap.php?wsdl"
SugarCRM Accounts login
"Login Pierre"
SugarCRM Accounts query
@count =313
SugarCRM Accounts sync with 313
"Converting SugarCRM results to generic results"
"MySQL optimized sync"
"Pinging Blackberry device: 123"
"Host: "
"Server port: "
"Pin: 123"
"Device port: "
"Do not have all values for URL"
"via URL: http://badurl"
"Host: "
"Server port: "
"Pin: 123"
"Device port: "
"Do not have all values for URL"
exception in delayed_jobs_demon: #<SocketError: getaddrinfo: nodename nor servname provided, or not known>
/System/Library/Frameworks/Ruby.framework/Versions/1.8/usr/lib/ruby/1.8/net/http.rb:564:in `initialize'
/System/Library/Frameworks/Ruby.framework/Versions/1.8/usr/lib/ruby/1.8/net/http.rb:564:in `open'
/System/Library/Frameworks/Ruby.framework/Versions/1.8/usr/lib/ruby/1.8/net/http.rb:564:in `connect'
/System/Library/Frameworks/Ruby.framework/Versions/1.8/usr/lib/ruby/1.8/timeout.rb:48:in `timeout'
/System/Library/Frameworks/Ruby.framework/Versions/1.8/usr/lib/ruby/1.8/timeout.rb:76:in `timeout'
/System/Library/Frameworks/Ruby.framework/Versions/1.8/usr/lib/ruby/1.8/net/http.rb:564:in `connect'
/System/Library/Frameworks/Ruby.framework/Versions/1.8/usr/lib/ruby/1.8/net/http.rb:557:in `do_start'
/System/Library/Frameworks/Ruby.framework/Versions/1.8/usr/lib/ruby/1.8/net/http.rb:546:in `start'
/System/Library/Frameworks/Ruby.framework/Versions/1.8/usr/lib/ruby/1.8/open-uri.rb:243:in `open_http'
/System/Library/Frameworks/Ruby.framework/Versions/1.8/usr/lib/ruby/1.8/open-uri.rb:617:in `buffer_open'
/System/Library/Frameworks/Ruby.framework/Versions/1.8/usr/lib/ruby/1.8/open-uri.rb:164:in `open_loop'
/System/Library/Frameworks/Ruby.framework/Versions/1.8/usr/lib/ruby/1.8/open-uri.rb:162:in `catch'
/System/Library/Frameworks/Ruby.framework/Versions/1.8/usr/lib/ruby/1.8/open-uri.rb:162:in `open_loop'
/System/Library/Frameworks/Ruby.framework/Versions/1.8/usr/lib/ruby/1.8/open-uri.rb:132:in `open_uri'
/System/Library/Frameworks/Ruby.framework/Versions/1.8/usr/lib/ruby/1.8/open-uri.rb:519:in `open'
/System/Library/Frameworks/Ruby.framework/Versions/1.8/usr/lib/ruby/1.8/open-uri.rb:30:in `open'
/Users/adam/rhosync/app/models/blackberry.rb:19:in `ping'
/Users/adam/rhosync/app/models/source.rb:79:in `ping_devices'
/Users/adam/rhosync/vendor/rails/activerecord/lib/active_record/associations/association_collection.rb:359:in `method_missing'
/Users/adam/rhosync/vendor/rails/activerecord/lib/active_record/associations/association_proxy.rb:212:in `method_missing'
/Users/adam/rhosync/vendor/rails/activerecord/lib/active_record/associations/association_proxy.rb:212:in `each'
/Users/adam/rhosync/vendor/rails/activerecord/lib/active_record/associations/association_proxy.rb:212:in `send'
/Users/adam/rhosync/vendor/rails/activerecord/lib/active_record/associations/association_proxy.rb:212:in `method_missing'
/Users/adam/rhosync/vendor/rails/activerecord/lib/active_record/associations/association_collection.rb:359:in `method_missing'
/Users/adam/rhosync/app/models/source.rb:78:in `ping_devices'
/Users/adam/rhosync/app/models/source.rb:73:in `doqueuedsync'
script/job_runner:32
script/job_runner:24:in `loop'
script/job_runner:24
/Library/Ruby/Gems/1.8/gems/daemons-1.0.10/lib/daemons/application.rb:215:in `call'
/Library/Ruby/Gems/1.8/gems/daemons-1.0.10/lib/daemons/application.rb:215:in `start_proc'
/Library/Ruby/Gems/1.8/gems/daemons-1.0.10/lib/daemons/daemonize.rb:192:in `call'
/Library/Ruby/Gems/1.8/gems/daemons-1.0.10/lib/daemons/daemonize.rb:192:in `call_as_daemon'
/Library/Ruby/Gems/1.8/gems/daemons-1.0.10/lib/daemons/application.rb:219:in `start_proc'
/Library/Ruby/Gems/1.8/gems/daemons-1.0.10/lib/daemons/application.rb:255:in `start'
/Library/Ruby/Gems/1.8/gems/daemons-1.0.10/lib/daemons/controller.rb:69:in `run'
/Library/Ruby/Gems/1.8/gems/daemons-1.0.10/lib/daemons.rb:188:in `run_proc'
/Library/Ruby/Gems/1.8/gems/daemons-1.0.10/lib/daemons/cmdline.rb:105:in `call'
/Library/Ruby/Gems/1.8/gems/daemons-1.0.10/lib/daemons/cmdline.rb:105:in `catch_exceptions'
/Library/Ruby/Gems/1.8/gems/daemons-1.0.10/lib/daemons.rb:187:in `run_proc'
script/job_runner:11
ending delayed_jobs_demon at Wed Jun 03 17:47:43 -0700 2009
